<?xml version="1.0" encoding="UTF-8"?>
<!-- Generated by org.testng.reporters.JUnitReportReporter -->
<testsuite hostname="IND184" name="AddRuleJsonParsing" tests="1" failures="0" timestamp="20 Sep 2018 08:07:10 GMT" time="0.234" errors="0">
  <testcase name="readrulejosn" time="0.234" classname="AddRuleJsonParsing"/>
</testsuite> <!-- AddRuleJsonParsing -->
