<?xml version="1.0" encoding="UTF-8"?>
<!-- Generated by org.testng.reporters.JUnitReportReporter -->
<testsuite hostname="IND184" name="Selenium.Test.sampledata" tests="1" failures="0" timestamp="6 Sep 2018 06:54:16 GMT" time="0.011" errors="0">
  <testcase name="csvreader" time="0.011" classname="Selenium.Test.sampledata"/>
</testsuite> <!-- Selenium.Test.sampledata -->
