<?xml version="1.0" encoding="UTF-8"?>
<!-- Generated by org.testng.reporters.JUnitReportReporter -->
<testsuite hostname="IND184" name="Rent.TestRentt" tests="2" failures="0" timestamp="23 Oct 2018 06:45:15 GMT" time="33.276" errors="0">
  <testcase name="orderproduct" time="21.137" classname="Rent.TestRentt"/>
  <testcase name="ieratelinks" time="12.139" classname="Rent.TestRentt"/>
</testsuite> <!-- Rent.TestRentt -->
