<?xml version="1.0" encoding="UTF-8"?>
<!-- Generated by org.testng.reporters.JUnitReportReporter -->
<testsuite hostname="IND184" name="jsonparsing" tests="1" failures="0" timestamp="13 Sep 2018 08:32:07 GMT" time="0.315" errors="0">
  <testcase name="readjson" time="0.315" classname="jsonparsing"/>
</testsuite> <!-- jsonparsing -->
