<?xml version="1.0" encoding="UTF-8"?>
<!-- Generated by org.testng.reporters.JUnitReportReporter -->
<testsuite hostname="IND184" name="usingregex" tests="1" failures="0" timestamp="25 Sep 2018 08:24:24 GMT" time="10.969" errors="0">
  <testcase name="usingreg" time="10.969" classname="usingregex"/>
</testsuite> <!-- usingregex -->
