<?xml version="1.0" encoding="UTF-8"?>
<!-- Generated by org.testng.reporters.JUnitReportReporter -->
<testsuite hostname="IND184" name="Regex.Testr" tests="2" failures="0" timestamp="27 May 2019 11:13:24 GMT" time="4.064" errors="0">
  <testcase name="generater" time="1.751" classname="Regex.Testr"/>
  <testcase name="kill" time="2.313" classname="Regex.Testr"/>
</testsuite> <!-- Regex.Testr -->
