<?xml version="1.0" encoding="UTF-8"?>
<!-- Generated by org.testng.reporters.JUnitReportReporter -->
<testsuite hostname="IND184" name="API.httppost" tests="1" failures="0" timestamp="21 Sep 2018 07:30:20 GMT" time="0.188" errors="0">
  <testcase name="getaddrule" time="0.188" classname="API.httppost"/>
</testsuite> <!-- API.httppost -->
