<?xml version="1.0" encoding="UTF-8"?>
<!-- Generated by org.testng.reporters.JUnitReportReporter -->
<testsuite hostname="IND184" name="Googleinput" tests="1" failures="0" timestamp="24 Apr 2019 09:48:54 GMT" time="1.068" errors="0">
  <testcase name="googledata" time="1.068" classname="Googleinput"/>
</testsuite> <!-- Googleinput -->
