<?xml version="1.0" encoding="UTF-8"?>
<!-- Generated by org.testng.reporters.JUnitReportReporter -->
<testsuite hostname="IND184" name="sampledata" tests="1" failures="0" timestamp="6 Sep 2018 09:35:59 GMT" time="0.016" errors="0">
  <testcase name="csvreader" time="0.016" classname="sampledata"/>
</testsuite> <!-- sampledata -->
