<?xml version="1.0" encoding="UTF-8"?>
<!-- Generated by org.testng.reporters.JUnitReportReporter -->
<testsuite hostname="IND184" name="bigbaskettest.Logintest" tests="1" failures="0" timestamp="31 May 2019 07:15:59 GMT" time="7.639" errors="0">
  <testcase name="logintobugbasket" time="7.639" classname="bigbaskettest.Logintest"/>
</testsuite> <!-- bigbaskettest.Logintest -->
