<?xml version="1.0" encoding="UTF-8"?>
<!-- Generated by org.testng.reporters.JUnitReportReporter -->
<testsuite hostname="IND148" name="Selenium.Test.Loginpage" tests="1" failures="0" timestamp="29 Jun 2018 05:49:15 GMT" time="89.925" errors="0">
  <testcase name="testexecution" time="89.925" classname="Selenium.Test.Loginpage"/>
</testsuite> <!-- Selenium.Test.Loginpage -->
