<?xml version="1.0" encoding="UTF-8"?>
<!-- Generated by org.testng.reporters.JUnitReportReporter -->
<testsuite hostname="IND184" name="Selenium.Utilities.jsonparsing" tests="1" failures="0" timestamp="21 Sep 2018 06:08:46 GMT" time="0.218" errors="0">
  <testcase name="readjson" time="0.218" classname="Selenium.Utilities.jsonparsing"/>
</testsuite> <!-- Selenium.Utilities.jsonparsing -->
